INFO - 2023-01-28 00:13:18 --> Session: Class initialized using 'CodeIgniter\Session\Handlers\FileHandler' driver.
INFO - 2023-01-28 00:13:50 --> Session: Class initialized using 'CodeIgniter\Session\Handlers\FileHandler' driver.
INFO - 2023-01-28 00:14:53 --> Session: Class initialized using 'CodeIgniter\Session\Handlers\FileHandler' driver.
INFO - 2023-01-28 00:18:21 --> Session: Class initialized using 'CodeIgniter\Session\Handlers\FileHandler' driver.
INFO - 2023-01-28 00:19:07 --> Session: Class initialized using 'CodeIgniter\Session\Handlers\FileHandler' driver.
INFO - 2023-01-28 00:20:08 --> Session: Class initialized using 'CodeIgniter\Session\Handlers\FileHandler' driver.
INFO - 2023-01-28 00:20:49 --> Session: Class initialized using 'CodeIgniter\Session\Handlers\FileHandler' driver.
INFO - 2023-01-28 00:21:07 --> Session: Class initialized using 'CodeIgniter\Session\Handlers\FileHandler' driver.
INFO - 2023-01-28 00:21:59 --> Session: Class initialized using 'CodeIgniter\Session\Handlers\FileHandler' driver.
INFO - 2023-01-28 00:23:29 --> Session: Class initialized using 'CodeIgniter\Session\Handlers\FileHandler' driver.
INFO - 2023-01-28 00:23:57 --> Session: Class initialized using 'CodeIgniter\Session\Handlers\FileHandler' driver.
INFO - 2023-01-28 00:24:15 --> Session: Class initialized using 'CodeIgniter\Session\Handlers\FileHandler' driver.
INFO - 2023-01-28 00:26:44 --> Session: Class initialized using 'CodeIgniter\Session\Handlers\FileHandler' driver.
INFO - 2023-01-28 00:32:20 --> Session: Class initialized using 'CodeIgniter\Session\Handlers\FileHandler' driver.
INFO - 2023-01-28 00:32:25 --> Session: Class initialized using 'CodeIgniter\Session\Handlers\FileHandler' driver.
INFO - 2023-01-28 00:35:26 --> Session: Class initialized using 'CodeIgniter\Session\Handlers\FileHandler' driver.
INFO - 2023-01-28 00:54:29 --> Session: Class initialized using 'CodeIgniter\Session\Handlers\FileHandler' driver.
INFO - 2023-01-28 01:09:33 --> Session: Class initialized using 'CodeIgniter\Session\Handlers\FileHandler' driver.
INFO - 2023-01-28 02:48:18 --> Session: Class initialized using 'CodeIgniter\Session\Handlers\FileHandler' driver.
INFO - 2023-01-28 02:49:13 --> Session: Class initialized using 'CodeIgniter\Session\Handlers\FileHandler' driver.
INFO - 2023-01-28 02:49:50 --> Session: Class initialized using 'CodeIgniter\Session\Handlers\FileHandler' driver.
INFO - 2023-01-28 02:49:54 --> Session: Class initialized using 'CodeIgniter\Session\Handlers\FileHandler' driver.
INFO - 2023-01-28 02:50:50 --> Session: Class initialized using 'CodeIgniter\Session\Handlers\FileHandler' driver.
INFO - 2023-01-28 06:51:19 --> Session: Class initialized using 'CodeIgniter\Session\Handlers\FileHandler' driver.
CRITICAL - 2023-01-28 06:51:32 --> Allowed fields must be specified for model: "App\Models\Agama"
in SYSTEMPATH\BaseModel.php on line 1242.
 1 SYSTEMPATH\BaseModel.php(1242): CodeIgniter\Database\Exceptions\DataException::forInvalidAllowedFields('App\\Models\\Agama')
 2 SYSTEMPATH\BaseModel.php(757): CodeIgniter\BaseModel->doProtectFields([...])
 3 SYSTEMPATH\Model.php(729): CodeIgniter\BaseModel->insert([...], false)
 4 SYSTEMPATH\BaseModel.php(692): CodeIgniter\Model->insert([...], false)
 5 APPPATH\Controllers\Agama.php(39): CodeIgniter\BaseModel->save([...])
 6 SYSTEMPATH\CodeIgniter.php(934): App\Controllers\Agama->addData()
 7 SYSTEMPATH\CodeIgniter.php(499): CodeIgniter\CodeIgniter->runController(Object(App\Controllers\Agama))
 8 SYSTEMPATH\CodeIgniter.php(368): CodeIgniter\CodeIgniter->handleRequest(null, Object(Config\Cache), false)
 9 FCPATH\index.php(67): CodeIgniter\CodeIgniter->run()
10 SYSTEMPATH\Commands\Server\rewrite.php(47): require_once('FCPATH\\index.php')
INFO - 2023-01-28 07:26:29 --> Session: Class initialized using 'CodeIgniter\Session\Handlers\FileHandler' driver.
INFO - 2023-01-28 07:26:54 --> Session: Class initialized using 'CodeIgniter\Session\Handlers\FileHandler' driver.
INFO - 2023-01-28 07:27:01 --> Session: Class initialized using 'CodeIgniter\Session\Handlers\FileHandler' driver.
INFO - 2023-01-28 09:07:22 --> Session: Class initialized using 'CodeIgniter\Session\Handlers\FileHandler' driver.
CRITICAL - 2023-01-28 09:07:22 --> Undefined variable $agama
in APPPATH\Views\api\agama\table.php on line 11.
 1 APPPATH\Views\api\agama\table.php(11): CodeIgniter\Debug\Exceptions->errorHandler(2, 'Undefined variable $agama', 'APPPATH\\Views\\api\\agama\\table.php', 11)
 2 SYSTEMPATH\View\View.php(213): include('APPPATH\\Views\\api\\agama\\table.php')
 3 SYSTEMPATH\View\View.php(216): CodeIgniter\View\View->CodeIgniter\View\{closure}()
 4 SYSTEMPATH\View\View.php(431): CodeIgniter\View\View->render('api/agama/table', null, true)
 5 APPPATH\Views\admin_web\index.php(26): CodeIgniter\View\View->include('api/agama/table')
 6 SYSTEMPATH\View\View.php(213): include('APPPATH\\Views\\admin_web\\index.php')
 7 SYSTEMPATH\View\View.php(216): CodeIgniter\View\View->CodeIgniter\View\{closure}()
 8 SYSTEMPATH\Common.php(1177): CodeIgniter\View\View->render('admin_web/index', [], true)
 9 APPPATH\Controllers\Halaman\AdminWeb.php(15): view('admin_web/index', [...])
10 SYSTEMPATH\CodeIgniter.php(934): App\Controllers\Halaman\AdminWeb->index()
11 SYSTEMPATH\CodeIgniter.php(499): CodeIgniter\CodeIgniter->runController(Object(App\Controllers\Halaman\AdminWeb))
12 SYSTEMPATH\CodeIgniter.php(368): CodeIgniter\CodeIgniter->handleRequest(null, Object(Config\Cache), false)
13 FCPATH\index.php(67): CodeIgniter\CodeIgniter->run()
14 SYSTEMPATH\Commands\Server\rewrite.php(47): require_once('FCPATH\\index.php')
INFO - 2023-01-28 09:54:37 --> Session: Class initialized using 'CodeIgniter\Session\Handlers\FileHandler' driver.
CRITICAL - 2023-01-28 09:54:37 --> Undefined variable $agama
in APPPATH\Views\api\agama\table.php on line 11.
 1 APPPATH\Views\api\agama\table.php(11): CodeIgniter\Debug\Exceptions->errorHandler(2, 'Undefined variable $agama', 'APPPATH\\Views\\api\\agama\\table.php', 11)
 2 SYSTEMPATH\View\View.php(213): include('APPPATH\\Views\\api\\agama\\table.php')
 3 SYSTEMPATH\View\View.php(216): CodeIgniter\View\View->CodeIgniter\View\{closure}()
 4 SYSTEMPATH\View\View.php(431): CodeIgniter\View\View->render('api/agama/table', null, true)
 5 APPPATH\Views\admin_web\index.php(26): CodeIgniter\View\View->include('api/agama/table')
 6 SYSTEMPATH\View\View.php(213): include('APPPATH\\Views\\admin_web\\index.php')
 7 SYSTEMPATH\View\View.php(216): CodeIgniter\View\View->CodeIgniter\View\{closure}()
 8 SYSTEMPATH\Common.php(1177): CodeIgniter\View\View->render('admin_web/index', [], true)
 9 APPPATH\Controllers\Halaman\AdminWeb.php(15): view('admin_web/index', [...])
10 SYSTEMPATH\CodeIgniter.php(934): App\Controllers\Halaman\AdminWeb->index()
11 SYSTEMPATH\CodeIgniter.php(499): CodeIgniter\CodeIgniter->runController(Object(App\Controllers\Halaman\AdminWeb))
12 SYSTEMPATH\CodeIgniter.php(368): CodeIgniter\CodeIgniter->handleRequest(null, Object(Config\Cache), false)
13 FCPATH\index.php(67): CodeIgniter\CodeIgniter->run()
14 SYSTEMPATH\Commands\Server\rewrite.php(47): require_once('FCPATH\\index.php')
INFO - 2023-01-28 09:56:50 --> Session: Class initialized using 'CodeIgniter\Session\Handlers\FileHandler' driver.
INFO - 2023-01-28 10:09:04 --> Session: Class initialized using 'CodeIgniter\Session\Handlers\FileHandler' driver.
CRITICAL - 2023-01-28 10:09:20 --> Undefined variable $agama
in APPPATH\Views\api\agama\table.php on line 11.
 1 APPPATH\Views\api\agama\table.php(11): CodeIgniter\Debug\Exceptions->errorHandler(2, 'Undefined variable $agama', 'APPPATH\\Views\\api\\agama\\table.php', 11)
 2 SYSTEMPATH\View\View.php(213): include('APPPATH\\Views\\api\\agama\\table.php')
 3 SYSTEMPATH\View\View.php(216): CodeIgniter\View\View->CodeIgniter\View\{closure}()
 4 SYSTEMPATH\Common.php(1177): CodeIgniter\View\View->render('api/agama/table', [], true)
 5 APPPATH\Controllers\Agama.php(39): view('api/agama/table')
 6 SYSTEMPATH\CodeIgniter.php(934): App\Controllers\Agama->addData()
 7 SYSTEMPATH\CodeIgniter.php(499): CodeIgniter\CodeIgniter->runController(Object(App\Controllers\Agama))
 8 SYSTEMPATH\CodeIgniter.php(368): CodeIgniter\CodeIgniter->handleRequest(null, Object(Config\Cache), false)
 9 FCPATH\index.php(67): CodeIgniter\CodeIgniter->run()
10 SYSTEMPATH\Commands\Server\rewrite.php(47): require_once('FCPATH\\index.php')
INFO - 2023-01-28 10:09:33 --> Session: Class initialized using 'CodeIgniter\Session\Handlers\FileHandler' driver.
INFO - 2023-01-28 10:11:45 --> Session: Class initialized using 'CodeIgniter\Session\Handlers\FileHandler' driver.
CRITICAL - 2023-01-28 10:11:58 --> Undefined variable $agama
in APPPATH\Views\api\agama\table.php on line 11.
 1 APPPATH\Views\api\agama\table.php(11): CodeIgniter\Debug\Exceptions->errorHandler(2, 'Undefined variable $agama', 'APPPATH\\Views\\api\\agama\\table.php', 11)
 2 SYSTEMPATH\View\View.php(213): include('APPPATH\\Views\\api\\agama\\table.php')
 3 SYSTEMPATH\View\View.php(216): CodeIgniter\View\View->CodeIgniter\View\{closure}()
 4 SYSTEMPATH\Common.php(1177): CodeIgniter\View\View->render('api/agama/table', [], true)
 5 APPPATH\Controllers\Agama.php(39): view('api/agama/table')
 6 SYSTEMPATH\CodeIgniter.php(934): App\Controllers\Agama->addData()
 7 SYSTEMPATH\CodeIgniter.php(499): CodeIgniter\CodeIgniter->runController(Object(App\Controllers\Agama))
 8 SYSTEMPATH\CodeIgniter.php(368): CodeIgniter\CodeIgniter->handleRequest(null, Object(Config\Cache), false)
 9 FCPATH\index.php(67): CodeIgniter\CodeIgniter->run()
10 SYSTEMPATH\Commands\Server\rewrite.php(47): require_once('FCPATH\\index.php')
INFO - 2023-01-28 10:23:37 --> Session: Class initialized using 'CodeIgniter\Session\Handlers\FileHandler' driver.
CRITICAL - 2023-01-28 10:23:50 --> Undefined variable $agama
in APPPATH\Views\api\agama\table.php on line 11.
 1 APPPATH\Views\api\agama\table.php(11): CodeIgniter\Debug\Exceptions->errorHandler(2, 'Undefined variable $agama', 'APPPATH\\Views\\api\\agama\\table.php', 11)
 2 SYSTEMPATH\View\View.php(213): include('APPPATH\\Views\\api\\agama\\table.php')
 3 SYSTEMPATH\View\View.php(216): CodeIgniter\View\View->CodeIgniter\View\{closure}()
 4 SYSTEMPATH\Common.php(1177): CodeIgniter\View\View->render('api/agama/table', [], true)
 5 APPPATH\Controllers\Agama.php(39): view('api/agama/table')
 6 SYSTEMPATH\CodeIgniter.php(934): App\Controllers\Agama->addData()
 7 SYSTEMPATH\CodeIgniter.php(499): CodeIgniter\CodeIgniter->runController(Object(App\Controllers\Agama))
 8 SYSTEMPATH\CodeIgniter.php(368): CodeIgniter\CodeIgniter->handleRequest(null, Object(Config\Cache), false)
 9 FCPATH\index.php(67): CodeIgniter\CodeIgniter->run()
10 SYSTEMPATH\Commands\Server\rewrite.php(47): require_once('FCPATH\\index.php')
INFO - 2023-01-28 10:25:45 --> Session: Class initialized using 'CodeIgniter\Session\Handlers\FileHandler' driver.
CRITICAL - 2023-01-28 10:25:57 --> Undefined variable $agama
in APPPATH\Views\api\agama\table.php on line 11.
 1 APPPATH\Views\api\agama\table.php(11): CodeIgniter\Debug\Exceptions->errorHandler(2, 'Undefined variable $agama', 'APPPATH\\Views\\api\\agama\\table.php', 11)
 2 SYSTEMPATH\View\View.php(213): include('APPPATH\\Views\\api\\agama\\table.php')
 3 SYSTEMPATH\View\View.php(216): CodeIgniter\View\View->CodeIgniter\View\{closure}()
 4 SYSTEMPATH\Common.php(1177): CodeIgniter\View\View->render('api/agama/table', [], true)
 5 APPPATH\Controllers\Agama.php(39): view('api/agama/table')
 6 SYSTEMPATH\CodeIgniter.php(934): App\Controllers\Agama->addData()
 7 SYSTEMPATH\CodeIgniter.php(499): CodeIgniter\CodeIgniter->runController(Object(App\Controllers\Agama))
 8 SYSTEMPATH\CodeIgniter.php(368): CodeIgniter\CodeIgniter->handleRequest(null, Object(Config\Cache), false)
 9 FCPATH\index.php(67): CodeIgniter\CodeIgniter->run()
10 SYSTEMPATH\Commands\Server\rewrite.php(47): require_once('FCPATH\\index.php')
INFO - 2023-01-28 10:26:06 --> Session: Class initialized using 'CodeIgniter\Session\Handlers\FileHandler' driver.
INFO - 2023-01-28 10:38:09 --> Session: Class initialized using 'CodeIgniter\Session\Handlers\FileHandler' driver.
CRITICAL - 2023-01-28 10:38:27 --> Undefined variable $agama
in APPPATH\Views\api\agama\table.php on line 11.
 1 APPPATH\Views\api\agama\table.php(11): CodeIgniter\Debug\Exceptions->errorHandler(2, 'Undefined variable $agama', 'APPPATH\\Views\\api\\agama\\table.php', 11)
 2 SYSTEMPATH\View\View.php(213): include('APPPATH\\Views\\api\\agama\\table.php')
 3 SYSTEMPATH\View\View.php(216): CodeIgniter\View\View->CodeIgniter\View\{closure}()
 4 SYSTEMPATH\Common.php(1177): CodeIgniter\View\View->render('api/agama/table', [], true)
 5 APPPATH\Controllers\Agama.php(39): view('api/agama/table')
 6 SYSTEMPATH\CodeIgniter.php(934): App\Controllers\Agama->addData()
 7 SYSTEMPATH\CodeIgniter.php(499): CodeIgniter\CodeIgniter->runController(Object(App\Controllers\Agama))
 8 SYSTEMPATH\CodeIgniter.php(368): CodeIgniter\CodeIgniter->handleRequest(null, Object(Config\Cache), false)
 9 FCPATH\index.php(67): CodeIgniter\CodeIgniter->run()
10 SYSTEMPATH\Commands\Server\rewrite.php(47): require_once('FCPATH\\index.php')
CRITICAL - 2023-01-28 10:39:09 --> Undefined variable $agama
in APPPATH\Views\api\agama\table.php on line 11.
 1 APPPATH\Views\api\agama\table.php(11): CodeIgniter\Debug\Exceptions->errorHandler(2, 'Undefined variable $agama', 'APPPATH\\Views\\api\\agama\\table.php', 11)
 2 SYSTEMPATH\View\View.php(213): include('APPPATH\\Views\\api\\agama\\table.php')
 3 SYSTEMPATH\View\View.php(216): CodeIgniter\View\View->CodeIgniter\View\{closure}()
 4 SYSTEMPATH\Common.php(1177): CodeIgniter\View\View->render('api/agama/table', [], true)
 5 APPPATH\Controllers\Agama.php(39): view('api/agama/table')
 6 SYSTEMPATH\CodeIgniter.php(934): App\Controllers\Agama->addData()
 7 SYSTEMPATH\CodeIgniter.php(499): CodeIgniter\CodeIgniter->runController(Object(App\Controllers\Agama))
 8 SYSTEMPATH\CodeIgniter.php(368): CodeIgniter\CodeIgniter->handleRequest(null, Object(Config\Cache), false)
 9 FCPATH\index.php(67): CodeIgniter\CodeIgniter->run()
10 SYSTEMPATH\Commands\Server\rewrite.php(47): require_once('FCPATH\\index.php')
INFO - 2023-01-28 10:50:05 --> Session: Class initialized using 'CodeIgniter\Session\Handlers\FileHandler' driver.
CRITICAL - 2023-01-28 10:50:18 --> Undefined variable $agama
in APPPATH\Views\api\agama\table.php on line 11.
 1 APPPATH\Views\api\agama\table.php(11): CodeIgniter\Debug\Exceptions->errorHandler(2, 'Undefined variable $agama', 'APPPATH\\Views\\api\\agama\\table.php', 11)
 2 SYSTEMPATH\View\View.php(213): include('APPPATH\\Views\\api\\agama\\table.php')
 3 SYSTEMPATH\View\View.php(216): CodeIgniter\View\View->CodeIgniter\View\{closure}()
 4 SYSTEMPATH\Common.php(1177): CodeIgniter\View\View->render('api/agama/table', [], true)
 5 APPPATH\Controllers\Agama.php(39): view('api/agama/table')
 6 SYSTEMPATH\CodeIgniter.php(934): App\Controllers\Agama->addData()
 7 SYSTEMPATH\CodeIgniter.php(499): CodeIgniter\CodeIgniter->runController(Object(App\Controllers\Agama))
 8 SYSTEMPATH\CodeIgniter.php(368): CodeIgniter\CodeIgniter->handleRequest(null, Object(Config\Cache), false)
 9 FCPATH\index.php(67): CodeIgniter\CodeIgniter->run()
10 SYSTEMPATH\Commands\Server\rewrite.php(47): require_once('FCPATH\\index.php')
INFO - 2023-01-28 18:51:47 --> Session: Class initialized using 'CodeIgniter\Session\Handlers\FileHandler' driver.
INFO - 2023-01-28 18:52:40 --> Session: Class initialized using 'CodeIgniter\Session\Handlers\FileHandler' driver.
INFO - 2023-01-28 18:55:12 --> Session: Class initialized using 'CodeIgniter\Session\Handlers\FileHandler' driver.
CRITICAL - 2023-01-28 18:55:23 --> Undefined variable $agama
in APPPATH\Views\api\agama\table.php on line 11.
 1 APPPATH\Views\api\agama\table.php(11): CodeIgniter\Debug\Exceptions->errorHandler(2, 'Undefined variable $agama', 'APPPATH\\Views\\api\\agama\\table.php', 11)
 2 SYSTEMPATH\View\View.php(213): include('APPPATH\\Views\\api\\agama\\table.php')
 3 SYSTEMPATH\View\View.php(216): CodeIgniter\View\View->CodeIgniter\View\{closure}()
 4 SYSTEMPATH\Common.php(1177): CodeIgniter\View\View->render('api/agama/table', [], true)
 5 APPPATH\Controllers\Agama.php(39): view('api/agama/table')
 6 SYSTEMPATH\CodeIgniter.php(934): App\Controllers\Agama->addData()
 7 SYSTEMPATH\CodeIgniter.php(499): CodeIgniter\CodeIgniter->runController(Object(App\Controllers\Agama))
 8 SYSTEMPATH\CodeIgniter.php(368): CodeIgniter\CodeIgniter->handleRequest(null, Object(Config\Cache), false)
 9 FCPATH\index.php(67): CodeIgniter\CodeIgniter->run()
10 SYSTEMPATH\Commands\Server\rewrite.php(47): require_once('FCPATH\\index.php')
INFO - 2023-01-28 18:58:01 --> Session: Class initialized using 'CodeIgniter\Session\Handlers\FileHandler' driver.
CRITICAL - 2023-01-28 18:58:16 --> Undefined variable $agama
in APPPATH\Views\api\agama\table.php on line 11.
 1 APPPATH\Views\api\agama\table.php(11): CodeIgniter\Debug\Exceptions->errorHandler(2, 'Undefined variable $agama', 'APPPATH\\Views\\api\\agama\\table.php', 11)
 2 SYSTEMPATH\View\View.php(213): include('APPPATH\\Views\\api\\agama\\table.php')
 3 SYSTEMPATH\View\View.php(216): CodeIgniter\View\View->CodeIgniter\View\{closure}()
 4 SYSTEMPATH\Common.php(1177): CodeIgniter\View\View->render('api/agama/table', [], true)
 5 APPPATH\Controllers\Agama.php(39): view('api/agama/table')
 6 SYSTEMPATH\CodeIgniter.php(934): App\Controllers\Agama->addData()
 7 SYSTEMPATH\CodeIgniter.php(499): CodeIgniter\CodeIgniter->runController(Object(App\Controllers\Agama))
 8 SYSTEMPATH\CodeIgniter.php(368): CodeIgniter\CodeIgniter->handleRequest(null, Object(Config\Cache), false)
 9 FCPATH\index.php(67): CodeIgniter\CodeIgniter->run()
10 SYSTEMPATH\Commands\Server\rewrite.php(47): require_once('FCPATH\\index.php')
INFO - 2023-01-28 19:40:53 --> Session: Class initialized using 'CodeIgniter\Session\Handlers\FileHandler' driver.
INFO - 2023-01-28 19:43:31 --> Session: Class initialized using 'CodeIgniter\Session\Handlers\FileHandler' driver.
INFO - 2023-01-28 19:44:58 --> Session: Class initialized using 'CodeIgniter\Session\Handlers\FileHandler' driver.
INFO - 2023-01-28 19:46:43 --> Session: Class initialized using 'CodeIgniter\Session\Handlers\FileHandler' driver.
INFO - 2023-01-28 19:54:05 --> Session: Class initialized using 'CodeIgniter\Session\Handlers\FileHandler' driver.
INFO - 2023-01-28 19:56:39 --> Session: Class initialized using 'CodeIgniter\Session\Handlers\FileHandler' driver.
INFO - 2023-01-28 19:57:11 --> Session: Class initialized using 'CodeIgniter\Session\Handlers\FileHandler' driver.
INFO - 2023-01-28 20:00:50 --> Session: Class initialized using 'CodeIgniter\Session\Handlers\FileHandler' driver.
INFO - 2023-01-28 20:01:05 --> Session: Class initialized using 'CodeIgniter\Session\Handlers\FileHandler' driver.
INFO - 2023-01-28 20:02:00 --> Session: Class initialized using 'CodeIgniter\Session\Handlers\FileHandler' driver.
INFO - 2023-01-28 20:11:55 --> Session: Class initialized using 'CodeIgniter\Session\Handlers\FileHandler' driver.
INFO - 2023-01-28 20:14:00 --> Session: Class initialized using 'CodeIgniter\Session\Handlers\FileHandler' driver.
INFO - 2023-01-28 20:33:47 --> Session: Class initialized using 'CodeIgniter\Session\Handlers\FileHandler' driver.
INFO - 2023-01-28 20:45:17 --> Session: Class initialized using 'CodeIgniter\Session\Handlers\FileHandler' driver.
CRITICAL - 2023-01-28 20:45:17 --> Undefined variable $jumlahHalaman
in APPPATH\Views\admin_web\index.php on line 29.
 1 APPPATH\Views\admin_web\index.php(29): CodeIgniter\Debug\Exceptions->errorHandler(2, 'Undefined variable $jumlahHalaman', 'APPPATH\\Views\\admin_web\\index.php', 29)
 2 SYSTEMPATH\View\View.php(213): include('APPPATH\\Views\\admin_web\\index.php')
 3 SYSTEMPATH\View\View.php(216): CodeIgniter\View\View->CodeIgniter\View\{closure}()
 4 SYSTEMPATH\Common.php(1177): CodeIgniter\View\View->render('admin_web/index', [], true)
 5 APPPATH\Controllers\Halaman\AdminWeb.php(15): view('admin_web/index', [...])
 6 SYSTEMPATH\CodeIgniter.php(934): App\Controllers\Halaman\AdminWeb->index()
 7 SYSTEMPATH\CodeIgniter.php(499): CodeIgniter\CodeIgniter->runController(Object(App\Controllers\Halaman\AdminWeb))
 8 SYSTEMPATH\CodeIgniter.php(368): CodeIgniter\CodeIgniter->handleRequest(null, Object(Config\Cache), false)
 9 FCPATH\index.php(67): CodeIgniter\CodeIgniter->run()
10 SYSTEMPATH\Commands\Server\rewrite.php(47): require_once('FCPATH\\index.php')
INFO - 2023-01-28 20:45:44 --> Session: Class initialized using 'CodeIgniter\Session\Handlers\FileHandler' driver.
CRITICAL - 2023-01-28 20:45:44 --> Undefined variable $totalHalaman
in APPPATH\Views\admin_web\index.php on line 29.
 1 APPPATH\Views\admin_web\index.php(29): CodeIgniter\Debug\Exceptions->errorHandler(2, 'Undefined variable $totalHalaman', 'APPPATH\\Views\\admin_web\\index.php', 29)
 2 SYSTEMPATH\View\View.php(213): include('APPPATH\\Views\\admin_web\\index.php')
 3 SYSTEMPATH\View\View.php(216): CodeIgniter\View\View->CodeIgniter\View\{closure}()
 4 SYSTEMPATH\Common.php(1177): CodeIgniter\View\View->render('admin_web/index', [], true)
 5 APPPATH\Controllers\Halaman\AdminWeb.php(15): view('admin_web/index', [...])
 6 SYSTEMPATH\CodeIgniter.php(934): App\Controllers\Halaman\AdminWeb->index()
 7 SYSTEMPATH\CodeIgniter.php(499): CodeIgniter\CodeIgniter->runController(Object(App\Controllers\Halaman\AdminWeb))
 8 SYSTEMPATH\CodeIgniter.php(368): CodeIgniter\CodeIgniter->handleRequest(null, Object(Config\Cache), false)
 9 FCPATH\index.php(67): CodeIgniter\CodeIgniter->run()
10 SYSTEMPATH\Commands\Server\rewrite.php(47): require_once('FCPATH\\index.php')
INFO - 2023-01-28 20:46:11 --> Session: Class initialized using 'CodeIgniter\Session\Handlers\FileHandler' driver.
INFO - 2023-01-28 20:46:14 --> Session: Class initialized using 'CodeIgniter\Session\Handlers\FileHandler' driver.
CRITICAL - 2023-01-28 20:46:14 --> Undefined variable $totalHalaman
in APPPATH\Views\admin_web\index.php on line 29.
 1 APPPATH\Views\admin_web\index.php(29): CodeIgniter\Debug\Exceptions->errorHandler(2, 'Undefined variable $totalHalaman', 'APPPATH\\Views\\admin_web\\index.php', 29)
 2 SYSTEMPATH\View\View.php(213): include('APPPATH\\Views\\admin_web\\index.php')
 3 SYSTEMPATH\View\View.php(216): CodeIgniter\View\View->CodeIgniter\View\{closure}()
 4 SYSTEMPATH\Common.php(1177): CodeIgniter\View\View->render('admin_web/index', [], true)
 5 APPPATH\Controllers\Halaman\AdminWeb.php(15): view('admin_web/index', [...])
 6 SYSTEMPATH\CodeIgniter.php(934): App\Controllers\Halaman\AdminWeb->index()
 7 SYSTEMPATH\CodeIgniter.php(499): CodeIgniter\CodeIgniter->runController(Object(App\Controllers\Halaman\AdminWeb))
 8 SYSTEMPATH\CodeIgniter.php(368): CodeIgniter\CodeIgniter->handleRequest(null, Object(Config\Cache), false)
 9 FCPATH\index.php(67): CodeIgniter\CodeIgniter->run()
10 SYSTEMPATH\Commands\Server\rewrite.php(47): require_once('FCPATH\\index.php')
INFO - 2023-01-28 20:49:51 --> Session: Class initialized using 'CodeIgniter\Session\Handlers\FileHandler' driver.
INFO - 2023-01-28 20:55:07 --> Session: Class initialized using 'CodeIgniter\Session\Handlers\FileHandler' driver.
INFO - 2023-01-28 22:36:35 --> Session: Class initialized using 'CodeIgniter\Session\Handlers\FileHandler' driver.
CRITICAL - 2023-01-28 22:36:35 --> Undefined variable $totalHalaman
in APPPATH\Views\admin_web\index.php on line 43.
 1 APPPATH\Views\admin_web\index.php(43): CodeIgniter\Debug\Exceptions->errorHandler(2, 'Undefined variable $totalHalaman', 'APPPATH\\Views\\admin_web\\index.php', 43)
 2 SYSTEMPATH\View\View.php(213): include('APPPATH\\Views\\admin_web\\index.php')
 3 SYSTEMPATH\View\View.php(216): CodeIgniter\View\View->CodeIgniter\View\{closure}()
 4 SYSTEMPATH\Common.php(1177): CodeIgniter\View\View->render('admin_web/index', [], true)
 5 APPPATH\Controllers\Halaman\AdminWeb.php(22): view('admin_web/index', [...])
 6 SYSTEMPATH\CodeIgniter.php(934): App\Controllers\Halaman\AdminWeb->index()
 7 SYSTEMPATH\CodeIgniter.php(499): CodeIgniter\CodeIgniter->runController(Object(App\Controllers\Halaman\AdminWeb))
 8 SYSTEMPATH\CodeIgniter.php(368): CodeIgniter\CodeIgniter->handleRequest(null, Object(Config\Cache), false)
 9 FCPATH\index.php(67): CodeIgniter\CodeIgniter->run()
10 SYSTEMPATH\Commands\Server\rewrite.php(47): require_once('FCPATH\\index.php')
INFO - 2023-01-28 22:40:24 --> Session: Class initialized using 'CodeIgniter\Session\Handlers\FileHandler' driver.
CRITICAL - 2023-01-28 22:40:24 --> Undefined variable $totalHalaman
in APPPATH\Views\admin_web\index.php on line 44.
 1 APPPATH\Views\admin_web\index.php(44): CodeIgniter\Debug\Exceptions->errorHandler(2, 'Undefined variable $totalHalaman', 'APPPATH\\Views\\admin_web\\index.php', 44)
 2 SYSTEMPATH\View\View.php(213): include('APPPATH\\Views\\admin_web\\index.php')
 3 SYSTEMPATH\View\View.php(216): CodeIgniter\View\View->CodeIgniter\View\{closure}()
 4 SYSTEMPATH\Common.php(1177): CodeIgniter\View\View->render('admin_web/index', [], true)
 5 APPPATH\Controllers\Halaman\AdminWeb.php(22): view('admin_web/index', [...])
 6 SYSTEMPATH\CodeIgniter.php(934): App\Controllers\Halaman\AdminWeb->index()
 7 SYSTEMPATH\CodeIgniter.php(499): CodeIgniter\CodeIgniter->runController(Object(App\Controllers\Halaman\AdminWeb))
 8 SYSTEMPATH\CodeIgniter.php(368): CodeIgniter\CodeIgniter->handleRequest(null, Object(Config\Cache), false)
 9 FCPATH\index.php(67): CodeIgniter\CodeIgniter->run()
10 SYSTEMPATH\Commands\Server\rewrite.php(47): require_once('FCPATH\\index.php')
