ERROR - 2023-02-01 20:12:42 --> Error connecting to the database: mysqli_sql_exception: No connection could be made because the target machine actively refused it in D:\xampp1\htdocs\MySID\vendor\codeigniter4\framework\system\Database\MySQLi\Connection.php:174
Stack trace:
#0 D:\xampp1\htdocs\MySID\vendor\codeigniter4\framework\system\Database\MySQLi\Connection.php(174): mysqli->real_connect('127.0.0.1', 'root', '', 'mysid', 3306, '', 0)
#1 D:\xampp1\htdocs\MySID\vendor\codeigniter4\framework\system\Database\BaseConnection.php(391): CodeIgniter\Database\MySQLi\Connection->connect(false)
#2 D:\xampp1\htdocs\MySID\vendor\codeigniter4\framework\system\Database\BaseConnection.php(573): CodeIgniter\Database\BaseConnection->initialize()
#3 D:\xampp1\htdocs\MySID\vendor\codeigniter4\framework\system\Database\BaseBuilder.php(1602): CodeIgniter\Database\BaseConnection->query('SELECT *\nFROM `...', Array, false)
#4 D:\xampp1\htdocs\MySID\vendor\codeigniter4\framework\system\Model.php(240): CodeIgniter\Database\BaseBuilder->get()
#5 D:\xampp1\htdocs\MySID\vendor\codeigniter4\framework\system\BaseModel.php(618): CodeIgniter\Model->doFindAll(0, 0)
#6 D:\xampp1\htdocs\MySID\app\Controllers\Api\Agama.php(18): CodeIgniter\BaseModel->findAll()
#7 D:\xampp1\htdocs\MySID\vendor\codeigniter4\framework\system\CodeIgniter.php(934): App\Controllers\Api\Agama->pageGetData('10')
#8 D:\xampp1\htdocs\MySID\vendor\codeigniter4\framework\system\CodeIgniter.php(499): CodeIgniter\CodeIgniter->runController(Object(App\Controllers\Api\Agama))
#9 D:\xampp1\htdocs\MySID\vendor\codeigniter4\framework\system\CodeIgniter.php(368): CodeIgniter\CodeIgniter->handleRequest(NULL, Object(Config\Cache), false)
#10 D:\xampp1\htdocs\MySID\public\index.php(67): CodeIgniter\CodeIgniter->run()
#11 D:\xampp1\htdocs\MySID\vendor\codeigniter4\framework\system\Commands\Server\rewrite.php(47): require_once('D:\\xampp1\\htdoc...')
#12 {main}

Next CodeIgniter\Database\Exceptions\DatabaseException: No connection could be made because the target machine actively refused it in D:\xampp1\htdocs\MySID\vendor\codeigniter4\framework\system\Database\MySQLi\Connection.php:218
Stack trace:
#0 D:\xampp1\htdocs\MySID\vendor\codeigniter4\framework\system\Database\BaseConnection.php(391): CodeIgniter\Database\MySQLi\Connection->connect(false)
#1 D:\xampp1\htdocs\MySID\vendor\codeigniter4\framework\system\Database\BaseConnection.php(573): CodeIgniter\Database\BaseConnection->initialize()
#2 D:\xampp1\htdocs\MySID\vendor\codeigniter4\framework\system\Database\BaseBuilder.php(1602): CodeIgniter\Database\BaseConnection->query('SELECT *\nFROM `...', Array, false)
#3 D:\xampp1\htdocs\MySID\vendor\codeigniter4\framework\system\Model.php(240): CodeIgniter\Database\BaseBuilder->get()
#4 D:\xampp1\htdocs\MySID\vendor\codeigniter4\framework\system\BaseModel.php(618): CodeIgniter\Model->doFindAll(0, 0)
#5 D:\xampp1\htdocs\MySID\app\Controllers\Api\Agama.php(18): CodeIgniter\BaseModel->findAll()
#6 D:\xampp1\htdocs\MySID\vendor\codeigniter4\framework\system\CodeIgniter.php(934): App\Controllers\Api\Agama->pageGetData('10')
#7 D:\xampp1\htdocs\MySID\vendor\codeigniter4\framework\system\CodeIgniter.php(499): CodeIgniter\CodeIgniter->runController(Object(App\Controllers\Api\Agama))
#8 D:\xampp1\htdocs\MySID\vendor\codeigniter4\framework\system\CodeIgniter.php(368): CodeIgniter\CodeIgniter->handleRequest(NULL, Object(Config\Cache), false)
#9 D:\xampp1\htdocs\MySID\public\index.php(67): CodeIgniter\CodeIgniter->run()
#10 D:\xampp1\htdocs\MySID\vendor\codeigniter4\framework\system\Commands\Server\rewrite.php(47): require_once('D:\\xampp1\\htdoc...')
#11 {main}
CRITICAL - 2023-02-01 20:12:42 --> Unable to connect to the database.
Main connection [MySQLi]: No connection could be made because the target machine actively refused it
in SYSTEMPATH\Database\BaseConnection.php on line 427.
 1 SYSTEMPATH\Database\BaseConnection.php(573): CodeIgniter\Database\BaseConnection->initialize()
 2 SYSTEMPATH\Database\BaseBuilder.php(1602): CodeIgniter\Database\BaseConnection->query('SELECT *
FROM `agamas`', [], false)
 3 SYSTEMPATH\Model.php(240): CodeIgniter\Database\BaseBuilder->get()
 4 SYSTEMPATH\BaseModel.php(618): CodeIgniter\Model->doFindAll(0, 0)
 5 APPPATH\Controllers\Api\Agama.php(18): CodeIgniter\BaseModel->findAll()
 6 SYSTEMPATH\CodeIgniter.php(934): App\Controllers\Api\Agama->pageGetData('10')
 7 SYSTEMPATH\CodeIgniter.php(499): CodeIgniter\CodeIgniter->runController(Object(App\Controllers\Api\Agama))
 8 SYSTEMPATH\CodeIgniter.php(368): CodeIgniter\CodeIgniter->handleRequest(null, Object(Config\Cache), false)
 9 FCPATH\index.php(67): CodeIgniter\CodeIgniter->run()
10 SYSTEMPATH\Commands\Server\rewrite.php(47): require_once('FCPATH\\index.php')
ERROR - 2023-02-01 20:12:44 --> Error connecting to the database: mysqli_sql_exception: No connection could be made because the target machine actively refused it in D:\xampp1\htdocs\MySID\vendor\codeigniter4\framework\system\Database\MySQLi\Connection.php:174
Stack trace:
#0 D:\xampp1\htdocs\MySID\vendor\codeigniter4\framework\system\Database\MySQLi\Connection.php(174): mysqli->real_connect('127.0.0.1', 'root', '', 'mysid', 3306, '', 0)
#1 D:\xampp1\htdocs\MySID\vendor\codeigniter4\framework\system\Database\BaseConnection.php(391): CodeIgniter\Database\MySQLi\Connection->connect(false)
#2 D:\xampp1\htdocs\MySID\vendor\codeigniter4\framework\system\Database\BaseConnection.php(573): CodeIgniter\Database\BaseConnection->initialize()
#3 D:\xampp1\htdocs\MySID\vendor\codeigniter4\framework\system\Database\BaseBuilder.php(1602): CodeIgniter\Database\BaseConnection->query('SELECT *\nFROM `...', Array, false)
#4 D:\xampp1\htdocs\MySID\vendor\codeigniter4\framework\system\Model.php(240): CodeIgniter\Database\BaseBuilder->get()
#5 D:\xampp1\htdocs\MySID\vendor\codeigniter4\framework\system\BaseModel.php(618): CodeIgniter\Model->doFindAll(10, 0)
#6 D:\xampp1\htdocs\MySID\app\Controllers\Api\Agama.php(36): CodeIgniter\BaseModel->findAll(10, 0)
#7 D:\xampp1\htdocs\MySID\vendor\codeigniter4\framework\system\CodeIgniter.php(934): App\Controllers\Api\Agama->getData('10', '0')
#8 D:\xampp1\htdocs\MySID\vendor\codeigniter4\framework\system\CodeIgniter.php(499): CodeIgniter\CodeIgniter->runController(Object(App\Controllers\Api\Agama))
#9 D:\xampp1\htdocs\MySID\vendor\codeigniter4\framework\system\CodeIgniter.php(368): CodeIgniter\CodeIgniter->handleRequest(NULL, Object(Config\Cache), false)
#10 D:\xampp1\htdocs\MySID\public\index.php(67): CodeIgniter\CodeIgniter->run()
#11 D:\xampp1\htdocs\MySID\vendor\codeigniter4\framework\system\Commands\Server\rewrite.php(47): require_once('D:\\xampp1\\htdoc...')
#12 {main}

Next CodeIgniter\Database\Exceptions\DatabaseException: No connection could be made because the target machine actively refused it in D:\xampp1\htdocs\MySID\vendor\codeigniter4\framework\system\Database\MySQLi\Connection.php:218
Stack trace:
#0 D:\xampp1\htdocs\MySID\vendor\codeigniter4\framework\system\Database\BaseConnection.php(391): CodeIgniter\Database\MySQLi\Connection->connect(false)
#1 D:\xampp1\htdocs\MySID\vendor\codeigniter4\framework\system\Database\BaseConnection.php(573): CodeIgniter\Database\BaseConnection->initialize()
#2 D:\xampp1\htdocs\MySID\vendor\codeigniter4\framework\system\Database\BaseBuilder.php(1602): CodeIgniter\Database\BaseConnection->query('SELECT *\nFROM `...', Array, false)
#3 D:\xampp1\htdocs\MySID\vendor\codeigniter4\framework\system\Model.php(240): CodeIgniter\Database\BaseBuilder->get()
#4 D:\xampp1\htdocs\MySID\vendor\codeigniter4\framework\system\BaseModel.php(618): CodeIgniter\Model->doFindAll(10, 0)
#5 D:\xampp1\htdocs\MySID\app\Controllers\Api\Agama.php(36): CodeIgniter\BaseModel->findAll(10, 0)
#6 D:\xampp1\htdocs\MySID\vendor\codeigniter4\framework\system\CodeIgniter.php(934): App\Controllers\Api\Agama->getData('10', '0')
#7 D:\xampp1\htdocs\MySID\vendor\codeigniter4\framework\system\CodeIgniter.php(499): CodeIgniter\CodeIgniter->runController(Object(App\Controllers\Api\Agama))
#8 D:\xampp1\htdocs\MySID\vendor\codeigniter4\framework\system\CodeIgniter.php(368): CodeIgniter\CodeIgniter->handleRequest(NULL, Object(Config\Cache), false)
#9 D:\xampp1\htdocs\MySID\public\index.php(67): CodeIgniter\CodeIgniter->run()
#10 D:\xampp1\htdocs\MySID\vendor\codeigniter4\framework\system\Commands\Server\rewrite.php(47): require_once('D:\\xampp1\\htdoc...')
#11 {main}
CRITICAL - 2023-02-01 20:12:44 --> Unable to connect to the database.
Main connection [MySQLi]: No connection could be made because the target machine actively refused it
in SYSTEMPATH\Database\BaseConnection.php on line 427.
 1 SYSTEMPATH\Database\BaseConnection.php(573): CodeIgniter\Database\BaseConnection->initialize()
 2 SYSTEMPATH\Database\BaseBuilder.php(1602): CodeIgniter\Database\BaseConnection->query('SELECT *
FROM `agamas`
ORDER BY `id` DESC
 LIMIT 10', [], false)
 3 SYSTEMPATH\Model.php(240): CodeIgniter\Database\BaseBuilder->get()
 4 SYSTEMPATH\BaseModel.php(618): CodeIgniter\Model->doFindAll(10, 0)
 5 APPPATH\Controllers\Api\Agama.php(36): CodeIgniter\BaseModel->findAll(10, 0)
 6 SYSTEMPATH\CodeIgniter.php(934): App\Controllers\Api\Agama->getData('10', '0')
 7 SYSTEMPATH\CodeIgniter.php(499): CodeIgniter\CodeIgniter->runController(Object(App\Controllers\Api\Agama))
 8 SYSTEMPATH\CodeIgniter.php(368): CodeIgniter\CodeIgniter->handleRequest(null, Object(Config\Cache), false)
 9 FCPATH\index.php(67): CodeIgniter\CodeIgniter->run()
10 SYSTEMPATH\Commands\Server\rewrite.php(47): require_once('FCPATH\\index.php')
ERROR - 2023-02-01 20:13:13 --> Error connecting to the database: mysqli_sql_exception: No connection could be made because the target machine actively refused it in D:\xampp1\htdocs\MySID\vendor\codeigniter4\framework\system\Database\MySQLi\Connection.php:174
Stack trace:
#0 D:\xampp1\htdocs\MySID\vendor\codeigniter4\framework\system\Database\MySQLi\Connection.php(174): mysqli->real_connect('127.0.0.1', 'root', '', 'mysid', 3306, '', 0)
#1 D:\xampp1\htdocs\MySID\vendor\codeigniter4\framework\system\Database\BaseConnection.php(391): CodeIgniter\Database\MySQLi\Connection->connect(false)
#2 D:\xampp1\htdocs\MySID\vendor\codeigniter4\framework\system\Database\BaseConnection.php(573): CodeIgniter\Database\BaseConnection->initialize()
#3 D:\xampp1\htdocs\MySID\vendor\codeigniter4\framework\system\Database\BaseBuilder.php(1602): CodeIgniter\Database\BaseConnection->query('SELECT *\nFROM `...', Array, false)
#4 D:\xampp1\htdocs\MySID\vendor\codeigniter4\framework\system\Model.php(240): CodeIgniter\Database\BaseBuilder->get()
#5 D:\xampp1\htdocs\MySID\vendor\codeigniter4\framework\system\BaseModel.php(618): CodeIgniter\Model->doFindAll(0, 0)
#6 D:\xampp1\htdocs\MySID\app\Controllers\Api\Agama.php(18): CodeIgniter\BaseModel->findAll()
#7 D:\xampp1\htdocs\MySID\vendor\codeigniter4\framework\system\CodeIgniter.php(934): App\Controllers\Api\Agama->pageGetData('10')
#8 D:\xampp1\htdocs\MySID\vendor\codeigniter4\framework\system\CodeIgniter.php(499): CodeIgniter\CodeIgniter->runController(Object(App\Controllers\Api\Agama))
#9 D:\xampp1\htdocs\MySID\vendor\codeigniter4\framework\system\CodeIgniter.php(368): CodeIgniter\CodeIgniter->handleRequest(NULL, Object(Config\Cache), false)
#10 D:\xampp1\htdocs\MySID\public\index.php(67): CodeIgniter\CodeIgniter->run()
#11 D:\xampp1\htdocs\MySID\vendor\codeigniter4\framework\system\Commands\Server\rewrite.php(47): require_once('D:\\xampp1\\htdoc...')
#12 {main}

Next CodeIgniter\Database\Exceptions\DatabaseException: No connection could be made because the target machine actively refused it in D:\xampp1\htdocs\MySID\vendor\codeigniter4\framework\system\Database\MySQLi\Connection.php:218
Stack trace:
#0 D:\xampp1\htdocs\MySID\vendor\codeigniter4\framework\system\Database\BaseConnection.php(391): CodeIgniter\Database\MySQLi\Connection->connect(false)
#1 D:\xampp1\htdocs\MySID\vendor\codeigniter4\framework\system\Database\BaseConnection.php(573): CodeIgniter\Database\BaseConnection->initialize()
#2 D:\xampp1\htdocs\MySID\vendor\codeigniter4\framework\system\Database\BaseBuilder.php(1602): CodeIgniter\Database\BaseConnection->query('SELECT *\nFROM `...', Array, false)
#3 D:\xampp1\htdocs\MySID\vendor\codeigniter4\framework\system\Model.php(240): CodeIgniter\Database\BaseBuilder->get()
#4 D:\xampp1\htdocs\MySID\vendor\codeigniter4\framework\system\BaseModel.php(618): CodeIgniter\Model->doFindAll(0, 0)
#5 D:\xampp1\htdocs\MySID\app\Controllers\Api\Agama.php(18): CodeIgniter\BaseModel->findAll()
#6 D:\xampp1\htdocs\MySID\vendor\codeigniter4\framework\system\CodeIgniter.php(934): App\Controllers\Api\Agama->pageGetData('10')
#7 D:\xampp1\htdocs\MySID\vendor\codeigniter4\framework\system\CodeIgniter.php(499): CodeIgniter\CodeIgniter->runController(Object(App\Controllers\Api\Agama))
#8 D:\xampp1\htdocs\MySID\vendor\codeigniter4\framework\system\CodeIgniter.php(368): CodeIgniter\CodeIgniter->handleRequest(NULL, Object(Config\Cache), false)
#9 D:\xampp1\htdocs\MySID\public\index.php(67): CodeIgniter\CodeIgniter->run()
#10 D:\xampp1\htdocs\MySID\vendor\codeigniter4\framework\system\Commands\Server\rewrite.php(47): require_once('D:\\xampp1\\htdoc...')
#11 {main}
CRITICAL - 2023-02-01 20:13:13 --> Unable to connect to the database.
Main connection [MySQLi]: No connection could be made because the target machine actively refused it
in SYSTEMPATH\Database\BaseConnection.php on line 427.
 1 SYSTEMPATH\Database\BaseConnection.php(573): CodeIgniter\Database\BaseConnection->initialize()
 2 SYSTEMPATH\Database\BaseBuilder.php(1602): CodeIgniter\Database\BaseConnection->query('SELECT *
FROM `agamas`', [], false)
 3 SYSTEMPATH\Model.php(240): CodeIgniter\Database\BaseBuilder->get()
 4 SYSTEMPATH\BaseModel.php(618): CodeIgniter\Model->doFindAll(0, 0)
 5 APPPATH\Controllers\Api\Agama.php(18): CodeIgniter\BaseModel->findAll()
 6 SYSTEMPATH\CodeIgniter.php(934): App\Controllers\Api\Agama->pageGetData('10')
 7 SYSTEMPATH\CodeIgniter.php(499): CodeIgniter\CodeIgniter->runController(Object(App\Controllers\Api\Agama))
 8 SYSTEMPATH\CodeIgniter.php(368): CodeIgniter\CodeIgniter->handleRequest(null, Object(Config\Cache), false)
 9 FCPATH\index.php(67): CodeIgniter\CodeIgniter->run()
10 SYSTEMPATH\Commands\Server\rewrite.php(47): require_once('FCPATH\\index.php')
ERROR - 2023-02-01 20:13:15 --> Error connecting to the database: mysqli_sql_exception: No connection could be made because the target machine actively refused it in D:\xampp1\htdocs\MySID\vendor\codeigniter4\framework\system\Database\MySQLi\Connection.php:174
Stack trace:
#0 D:\xampp1\htdocs\MySID\vendor\codeigniter4\framework\system\Database\MySQLi\Connection.php(174): mysqli->real_connect('127.0.0.1', 'root', '', 'mysid', 3306, '', 0)
#1 D:\xampp1\htdocs\MySID\vendor\codeigniter4\framework\system\Database\BaseConnection.php(391): CodeIgniter\Database\MySQLi\Connection->connect(false)
#2 D:\xampp1\htdocs\MySID\vendor\codeigniter4\framework\system\Database\BaseConnection.php(573): CodeIgniter\Database\BaseConnection->initialize()
#3 D:\xampp1\htdocs\MySID\vendor\codeigniter4\framework\system\Database\BaseBuilder.php(1602): CodeIgniter\Database\BaseConnection->query('SELECT *\nFROM `...', Array, false)
#4 D:\xampp1\htdocs\MySID\vendor\codeigniter4\framework\system\Model.php(240): CodeIgniter\Database\BaseBuilder->get()
#5 D:\xampp1\htdocs\MySID\vendor\codeigniter4\framework\system\BaseModel.php(618): CodeIgniter\Model->doFindAll(10, 0)
#6 D:\xampp1\htdocs\MySID\app\Controllers\Api\Agama.php(36): CodeIgniter\BaseModel->findAll(10, 0)
#7 D:\xampp1\htdocs\MySID\vendor\codeigniter4\framework\system\CodeIgniter.php(934): App\Controllers\Api\Agama->getData('10', '0')
#8 D:\xampp1\htdocs\MySID\vendor\codeigniter4\framework\system\CodeIgniter.php(499): CodeIgniter\CodeIgniter->runController(Object(App\Controllers\Api\Agama))
#9 D:\xampp1\htdocs\MySID\vendor\codeigniter4\framework\system\CodeIgniter.php(368): CodeIgniter\CodeIgniter->handleRequest(NULL, Object(Config\Cache), false)
#10 D:\xampp1\htdocs\MySID\public\index.php(67): CodeIgniter\CodeIgniter->run()
#11 D:\xampp1\htdocs\MySID\vendor\codeigniter4\framework\system\Commands\Server\rewrite.php(47): require_once('D:\\xampp1\\htdoc...')
#12 {main}

Next CodeIgniter\Database\Exceptions\DatabaseException: No connection could be made because the target machine actively refused it in D:\xampp1\htdocs\MySID\vendor\codeigniter4\framework\system\Database\MySQLi\Connection.php:218
Stack trace:
#0 D:\xampp1\htdocs\MySID\vendor\codeigniter4\framework\system\Database\BaseConnection.php(391): CodeIgniter\Database\MySQLi\Connection->connect(false)
#1 D:\xampp1\htdocs\MySID\vendor\codeigniter4\framework\system\Database\BaseConnection.php(573): CodeIgniter\Database\BaseConnection->initialize()
#2 D:\xampp1\htdocs\MySID\vendor\codeigniter4\framework\system\Database\BaseBuilder.php(1602): CodeIgniter\Database\BaseConnection->query('SELECT *\nFROM `...', Array, false)
#3 D:\xampp1\htdocs\MySID\vendor\codeigniter4\framework\system\Model.php(240): CodeIgniter\Database\BaseBuilder->get()
#4 D:\xampp1\htdocs\MySID\vendor\codeigniter4\framework\system\BaseModel.php(618): CodeIgniter\Model->doFindAll(10, 0)
#5 D:\xampp1\htdocs\MySID\app\Controllers\Api\Agama.php(36): CodeIgniter\BaseModel->findAll(10, 0)
#6 D:\xampp1\htdocs\MySID\vendor\codeigniter4\framework\system\CodeIgniter.php(934): App\Controllers\Api\Agama->getData('10', '0')
#7 D:\xampp1\htdocs\MySID\vendor\codeigniter4\framework\system\CodeIgniter.php(499): CodeIgniter\CodeIgniter->runController(Object(App\Controllers\Api\Agama))
#8 D:\xampp1\htdocs\MySID\vendor\codeigniter4\framework\system\CodeIgniter.php(368): CodeIgniter\CodeIgniter->handleRequest(NULL, Object(Config\Cache), false)
#9 D:\xampp1\htdocs\MySID\public\index.php(67): CodeIgniter\CodeIgniter->run()
#10 D:\xampp1\htdocs\MySID\vendor\codeigniter4\framework\system\Commands\Server\rewrite.php(47): require_once('D:\\xampp1\\htdoc...')
#11 {main}
CRITICAL - 2023-02-01 20:13:15 --> Unable to connect to the database.
Main connection [MySQLi]: No connection could be made because the target machine actively refused it
in SYSTEMPATH\Database\BaseConnection.php on line 427.
 1 SYSTEMPATH\Database\BaseConnection.php(573): CodeIgniter\Database\BaseConnection->initialize()
 2 SYSTEMPATH\Database\BaseBuilder.php(1602): CodeIgniter\Database\BaseConnection->query('SELECT *
FROM `agamas`
ORDER BY `id` DESC
 LIMIT 10', [], false)
 3 SYSTEMPATH\Model.php(240): CodeIgniter\Database\BaseBuilder->get()
 4 SYSTEMPATH\BaseModel.php(618): CodeIgniter\Model->doFindAll(10, 0)
 5 APPPATH\Controllers\Api\Agama.php(36): CodeIgniter\BaseModel->findAll(10, 0)
 6 SYSTEMPATH\CodeIgniter.php(934): App\Controllers\Api\Agama->getData('10', '0')
 7 SYSTEMPATH\CodeIgniter.php(499): CodeIgniter\CodeIgniter->runController(Object(App\Controllers\Api\Agama))
 8 SYSTEMPATH\CodeIgniter.php(368): CodeIgniter\CodeIgniter->handleRequest(null, Object(Config\Cache), false)
 9 FCPATH\index.php(67): CodeIgniter\CodeIgniter->run()
10 SYSTEMPATH\Commands\Server\rewrite.php(47): require_once('FCPATH\\index.php')
